<?xml version="1.0" encoding="UTF-8"?>
<testsuite xmlns:xsi="http://www.w3.org/2001/XMLSchema-instance" xsi:noNamespaceSchemaLocation="https://maven.apache.org/surefire/maven-surefire-plugin/xsd/surefire-test-report-3.0.xsd" version="3.0" name="com.mycompany.swtproject.MovieFilereaderTest" time="0.048" tests="8" errors="0" skipped="0" failures="0">
  <properties>
[...]
</properties>
  <testcase name="TC1" classname="com.mycompany.swtproject.MovieFilereaderTest" time="0.007">
    <system-out><![CDATA[Working Directory = C:\Users\Michael\Documents\NetBeansProjects\SWTproject\Software_Testing_Project-MS-Swt\SwTProject
]]></system-out>
  </testcase>
  <testcase name="TC2" classname="com.mycompany.swtproject.MovieFilereaderTest" time="0.011">
    <system-out><![CDATA[Working Directory = C:\Users\Michael\Documents\NetBeansProjects\SWTproject\Software_Testing_Project-MS-Swt\SwTProject
Movie 0
Batman Dark Knight
BDK142
[Ljava.lang.String;@7334aada


Movie 1
Inception
I220
[Ljava.lang.String;@1d9b7cce


Movie 2
Interstellar
I451
[Ljava.lang.String;@4d9e68d0


Movie 3
The Matrix
TM199
[Ljava.lang.String;@42e99e4a


Movie 4
The Godfather
TG972
[Ljava.lang.String;@14dd9eb7


Movie 5
Shutter Island
S887
[Ljava.lang.String;@52e6fdee


Movie 6
The Avengers
TA300
[Ljava.lang.String;@6c80d78a


Movie 7
Joker
J555
[Ljava.lang.String;@62150f9e


Movie 8
Tenet
T901
[Ljava.lang.String;@1a451d4d


Movie 9
Spider-Man No Way Home
SMNWH789
[Ljava.lang.String;@7fa98a66


Movie 10
Harry Potter and the Sorcerer's Stone
HPSS101
[Ljava.lang.String;@15ff3e9e


Movie 11
The Lion King
TLK333
[Ljava.lang.String;@5fdcaa40


Movie 12
Finding Nemo
FN222
[Ljava.lang.String;@6dc17b83


Movie 13
Toy Story
TS001
[Ljava.lang.String;@5e0826e7


Movie 14
Avatar
A777
[Ljava.lang.String;@32eff876


]]></system-out>
  </testcase>
  <testcase name="TC3" classname="com.mycompany.swtproject.MovieFilereaderTest" time="0.004">
    <system-out><![CDATA[Working Directory = C:\Users\Michael\Documents\NetBeansProjects\SWTproject\Software_Testing_Project-MS-Swt\SwTProject
]]></system-out>
  </testcase>
  <testcase name="TC4" classname="com.mycompany.swtproject.MovieFilereaderTest" time="0.004">
    <system-out><![CDATA[Working Directory = C:\Users\Michael\Documents\NetBeansProjects\SWTproject\Software_Testing_Project-MS-Swt\SwTProject
]]></system-out>
  </testcase>
  <testcase name="TC5" classname="com.mycompany.swtproject.MovieFilereaderTest" time="0.002">
    <system-out><![CDATA[Working Directory = C:\Users\Michael\Documents\NetBeansProjects\SWTproject\Software_Testing_Project-MS-Swt\SwTProject
]]></system-out>
  </testcase>
  <testcase name="TC6" classname="com.mycompany.swtproject.MovieFilereaderTest" time="0.001">
    <system-out><![CDATA[Working Directory = C:\Users\Michael\Documents\NetBeansProjects\SWTproject\Software_Testing_Project-MS-Swt\SwTProject
]]></system-out>
  </testcase>
  <testcase name="TC7" classname="com.mycompany.swtproject.MovieFilereaderTest" time="0.002">
    <system-out><![CDATA[Working Directory = C:\Users\Michael\Documents\NetBeansProjects\SWTproject\Software_Testing_Project-MS-Swt\SwTProject
]]></system-out>
  </testcase>
  <testcase name="TC8" classname="com.mycompany.swtproject.MovieFilereaderTest" time="0.001">
    <system-out><![CDATA[Working Directory = C:\Users\Michael\Documents\NetBeansProjects\SWTproject\Software_Testing_Project-MS-Swt\SwTProject
]]></system-out>
  </testcase>
</testsuite>