<?xml version="1.0" encoding="UTF-8"?>
<testsuite xmlns:xsi="http://www.w3.org/2001/XMLSchema-instance" xsi:noNamespaceSchemaLocation="https://maven.apache.org/surefire/maven-surefire-plugin/xsd/surefire-test-report-3.0.xsd" version="3.0" name="com.mycompany.swtproject.RecommenderTest" time="0.048" tests="6" errors="0" skipped="0" failures="0">
  <properties>
[...]
</properties>
  <testcase name="TC1" classname="com.mycompany.swtproject.RecommenderTest" time="0.006">
    <system-out><![CDATA[TC1 Results: [Michael Sameh,123456789, Shutter Island,The Avengers, Michael Hany,987654321, Batman Dark Knight,The Joker, Adham Ahmed,12345678A, Batman Dark Knight,Shutter Island]
]]></system-out>
  </testcase>
  <testcase name="TC2" classname="com.mycompany.swtproject.RecommenderTest" time="0.012">
    <system-out><![CDATA[TC2 Results: [Michael Sameh,123456789, Shutter Island,The Avengers, Michael Hany,987654321, Shutter Island,The Avengers]
]]></system-out>
  </testcase>
  <testcase name="TC3" classname="com.mycompany.swtproject.RecommenderTest" time="0.004">
    <system-out><![CDATA[TC3 Results: [Michael Sameh,123456789, ]
]]></system-out>
  </testcase>
  <testcase name="TC4" classname="com.mycompany.swtproject.RecommenderTest" time="0.011">
    <system-out><![CDATA[TC4 Results: [Michael Sameh,123456789, Spider-Man No Way Home]
]]></system-out>
  </testcase>
  <testcase name="TC5" classname="com.mycompany.swtproject.RecommenderTest" time="0.002">
    <system-out><![CDATA[TC5 Results: [Ghost User,111222333, ]
]]></system-out>
  </testcase>
  <testcase name="TC6" classname="com.mycompany.swtproject.RecommenderTest" time="0.003">
    <system-out><![CDATA[TC6 Results: [Order Test,123450000, Movie2,Movie3]
]]></system-out>
  </testcase>
</testsuite>