<?xml version="1.0" encoding="UTF-8"?>
<testsuite xmlns:xsi="http://www.w3.org/2001/XMLSchema-instance" xsi:noNamespaceSchemaLocation="https://maven.apache.org/surefire/maven-surefire-plugin/xsd/surefire-test-report-3.0.xsd" version="3.0" name="com.mycompany.swtproject.Recommender_WBT" time="0.107" tests="24" errors="0" skipped="0" failures="0">
  <properties>
[...]
</properties>
  <testcase name="ConditionCov_1" classname="com.mycompany.swtproject.Recommender_WBT" time="0.046"/>
  <testcase name="ConditionCov_2" classname="com.mycompany.swtproject.Recommender_WBT" time="0.0"/>
  <testcase name="ConditionCov_3" classname="com.mycompany.swtproject.Recommender_WBT" time="0.004"/>
  <testcase name="StatementCov_1" classname="com.mycompany.swtproject.Recommender_WBT" time="0.001"/>
  <testcase name="StatementCov_2" classname="com.mycompany.swtproject.Recommender_WBT" time="0.002"/>
  <testcase name="StatementCov_3" classname="com.mycompany.swtproject.Recommender_WBT" time="0.001"/>
  <testcase name="StatementCov_4" classname="com.mycompany.swtproject.Recommender_WBT" time="0.0"/>
  <testcase name="StatementCov_5" classname="com.mycompany.swtproject.Recommender_WBT" time="0.002"/>
  <testcase name="StatementCov_6" classname="com.mycompany.swtproject.Recommender_WBT" time="0.0"/>
  <testcase name="StatementCov_7" classname="com.mycompany.swtproject.Recommender_WBT" time="0.003"/>
  <testcase name="LoopCov_1" classname="com.mycompany.swtproject.Recommender_WBT" time="0.002"/>
  <testcase name="LoopCov_2" classname="com.mycompany.swtproject.Recommender_WBT" time="0.0"/>
  <testcase name="LoopCov_3" classname="com.mycompany.swtproject.Recommender_WBT" time="0.002"/>
  <testcase name="LoopCov_4" classname="com.mycompany.swtproject.Recommender_WBT" time="0.001"/>
  <testcase name="LoopCov_5" classname="com.mycompany.swtproject.Recommender_WBT" time="0.002"/>
  <testcase name="LoopCov_6" classname="com.mycompany.swtproject.Recommender_WBT" time="0.003"/>
  <testcase name="BranchCov_1" classname="com.mycompany.swtproject.Recommender_WBT" time="0.001"/>
  <testcase name="BranchCov_2" classname="com.mycompany.swtproject.Recommender_WBT" time="0.003"/>
  <testcase name="BranchCov_3" classname="com.mycompany.swtproject.Recommender_WBT" time="0.001"/>
  <testcase name="BranchCov_4" classname="com.mycompany.swtproject.Recommender_WBT" time="0.001"/>
  <testcase name="BranchCov_5" classname="com.mycompany.swtproject.Recommender_WBT" time="0.002"/>
  <testcase name="BranchCov_6" classname="com.mycompany.swtproject.Recommender_WBT" time="0.001"/>
  <testcase name="BranchCov_7" classname="com.mycompany.swtproject.Recommender_WBT" time="0.002"/>
  <testcase name="BranchCov_8" classname="com.mycompany.swtproject.Recommender_WBT" time="0.001"/>
</testsuite>