<?xml version="1.0" encoding="UTF-8"?>
<testsuite xmlns:xsi="http://www.w3.org/2001/XMLSchema-instance" xsi:noNamespaceSchemaLocation="https://maven.apache.org/surefire/maven-surefire-plugin/xsd/surefire-test-report.xsd" version="3.0.2" name="com.mycompany.swtproject.OutputFileWriter_WBT" time="0.161" tests="15" errors="0" skipped="0" failures="0">
  <properties>
    <property name="java.specification.version" value="21"/>
    <property name="sun.jnu.encoding" value="UTF-8"/>
    <property name="java.class.path" value="/workspaces/Software_Testing_Project/SwTProject/target/test-classes:/workspaces/Software_Testing_Project/SwTProject/target/classes:/home/codespace/.m2/repository/org/junit/jupiter/junit-jupiter-api/5.6.0/junit-jupiter-api-5.6.0.jar:/home/codespace/.m2/repository/org/apiguardian/apiguardian-api/1.1.0/apiguardian-api-1.1.0.jar:/home/codespace/.m2/repository/org/opentest4j/opentest4j/1.2.0/opentest4j-1.2.0.jar:/home/codespace/.m2/repository/org/junit/platform/junit-platform-commons/1.6.0/junit-platform-commons-1.6.0.jar:/home/codespace/.m2/repository/org/junit/jupiter/junit-jupiter-params/5.6.0/junit-jupiter-params-5.6.0.jar:/home/codespace/.m2/repository/org/junit/jupiter/junit-jupiter-engine/5.6.0/junit-jupiter-engine-5.6.0.jar:/home/codespace/.m2/repository/org/junit/platform/junit-platform-engine/1.6.0/junit-platform-engine-1.6.0.jar:"/>
    <property name="java.vm.vendor" value="Microsoft"/>
    <property name="sun.arch.data.model" value="64"/>
    <property name="java.vendor.url" value="https://www.microsoft.com"/>
    <property name="os.name" value="Linux"/>
    <property name="java.vm.specification.version" value="21"/>
    <property name="sun.java.launcher" value="SUN_STANDARD"/>
    <property name="session.topDirectory" value="/workspaces/Software_Testing_Project/SwTProject"/>
    <property name="sun.boot.library.path" value="/usr/local/sdkman/candidates/java/21.0.9-ms/lib"/>
    <property name="sun.java.command" value="/workspaces/Software_Testing_Project/SwTProject/target/surefire/surefirebooter-20251216141507896_3.jar /workspaces/Software_Testing_Project/SwTProject/target/surefire 2025-12-16T14-15-07_751-jvmRun1 surefire-20251216141507896_1tmp surefire_0-20251216141507896_2tmp"/>
    <property name="jdk.debug" value="release"/>
    <property name="test" value="OutputFileWriter_WBT"/>
    <property name="surefire.test.class.path" value="/workspaces/Software_Testing_Project/SwTProject/target/test-classes:/workspaces/Software_Testing_Project/SwTProject/target/classes:/home/codespace/.m2/repository/org/junit/jupiter/junit-jupiter-api/5.6.0/junit-jupiter-api-5.6.0.jar:/home/codespace/.m2/repository/org/apiguardian/apiguardian-api/1.1.0/apiguardian-api-1.1.0.jar:/home/codespace/.m2/repository/org/opentest4j/opentest4j/1.2.0/opentest4j-1.2.0.jar:/home/codespace/.m2/repository/org/junit/platform/junit-platform-commons/1.6.0/junit-platform-commons-1.6.0.jar:/home/codespace/.m2/repository/org/junit/jupiter/junit-jupiter-params/5.6.0/junit-jupiter-params-5.6.0.jar:/home/codespace/.m2/repository/org/junit/jupiter/junit-jupiter-engine/5.6.0/junit-jupiter-engine-5.6.0.jar:/home/codespace/.m2/repository/org/junit/platform/junit-platform-engine/1.6.0/junit-platform-engine-1.6.0.jar:"/>
    <property name="sun.cpu.endian" value="little"/>
    <property name="user.home" value="/home/codespace"/>
    <property name="user.language" value="en"/>
    <property name="java.specification.vendor" value="Oracle Corporation"/>
    <property name="java.version.date" value="2025-10-21"/>
    <property name="java.home" value="/usr/local/sdkman/candidates/java/21.0.9-ms"/>
    <property name="file.separator" value="/"/>
    <property name="basedir" value="/workspaces/Software_Testing_Project/SwTProject"/>
    <property name="java.vm.compressedOopsMode" value="32-bit"/>
    <property name="line.separator" value="&#10;"/>
    <property name="java.specification.name" value="Java Platform API Specification"/>
    <property name="java.vm.specification.vendor" value="Oracle Corporation"/>
    <property name="surefire.real.class.path" value="/workspaces/Software_Testing_Project/SwTProject/target/surefire/surefirebooter-20251216141507896_3.jar"/>
    <property name="sun.management.compiler" value="HotSpot 64-Bit Tiered Compilers"/>
    <property name="java.runtime.version" value="21.0.9+10-LTS"/>
    <property name="user.name" value="codespace"/>
    <property name="stdout.encoding" value="UTF-8"/>
    <property name="path.separator" value=":"/>
    <property name="os.version" value="6.8.0-1030-azure"/>
    <property name="java.runtime.name" value="OpenJDK Runtime Environment"/>
    <property name="file.encoding" value="UTF-8"/>
    <property name="java.vm.name" value="OpenJDK 64-Bit Server VM"/>
    <property name="java.vendor.version" value="Microsoft-12574458"/>
    <property name="localRepository" value="/home/codespace/.m2/repository"/>
    <property name="java.vendor.url.bug" value="https://github.com/microsoft/openjdk/issues"/>
    <property name="java.io.tmpdir" value="/tmp"/>
    <property name="java.version" value="21.0.9"/>
    <property name="user.dir" value="/workspaces/Software_Testing_Project/SwTProject"/>
    <property name="os.arch" value="amd64"/>
    <property name="java.vm.specification.name" value="Java Virtual Machine Specification"/>
    <property name="native.encoding" value="UTF-8"/>
    <property name="java.library.path" value="/usr/java/packages/lib:/usr/lib64:/lib64:/lib:/usr/lib"/>
    <property name="java.vm.info" value="mixed mode, sharing"/>
    <property name="stderr.encoding" value="UTF-8"/>
    <property name="java.vendor" value="Microsoft"/>
    <property name="java.vm.version" value="21.0.9+10-LTS"/>
    <property name="sun.io.unicode.encoding" value="UnicodeLittle"/>
    <property name="java.class.version" value="65.0"/>
  </properties>
  <testcase name="TC8_writeRecommendationsEmpty" classname="com.mycompany.swtproject.OutputFileWriter_WBT" time="0.051">
    <system-err><![CDATA[java.lang.instrument.IllegalClassFormatException: Error while instrumenting com/mycompany/swtproject/OutputFileWriter_WBT with JaCoCo 0.8.8.202204050719/5dcf34a.
	at org.jacoco.agent.rt.internal_b6258fc.CoverageTransformer.transform(CoverageTransformer.java:94)
	at java.instrument/java.lang.instrument.ClassFileTransformer.transform(ClassFileTransformer.java:244)
	at java.instrument/sun.instrument.TransformerManager.transform(TransformerManager.java:188)
	at java.instrument/sun.instrument.InstrumentationImpl.transform(InstrumentationImpl.java:610)
	at java.base/java.lang.ClassLoader.defineClass1(Native Method)
	at java.base/java.lang.ClassLoader.defineClass(ClassLoader.java:1027)
	at java.base/java.security.SecureClassLoader.defineClass(SecureClassLoader.java:150)
	at java.base/jdk.internal.loader.BuiltinClassLoader.defineClass(BuiltinClassLoader.java:862)
	at java.base/jdk.internal.loader.BuiltinClassLoader.findClassOnClassPathOrNull(BuiltinClassLoader.java:760)
	at java.base/jdk.internal.loader.BuiltinClassLoader.loadClassOrNull(BuiltinClassLoader.java:681)
	at java.base/jdk.internal.loader.BuiltinClassLoader.loadClass(BuiltinClassLoader.java:639)
	at java.base/jdk.internal.loader.ClassLoaders$AppClassLoader.loadClass(ClassLoaders.java:188)
	at java.base/java.lang.ClassLoader.loadClass(ClassLoader.java:526)
	at org.apache.maven.surefire.api.util.DefaultScanResult.loadClass(DefaultScanResult.java:115)
	at org.apache.maven.surefire.api.util.DefaultScanResult.applyFilter(DefaultScanResult.java:85)
	at org.apache.maven.surefire.junitplatform.JUnitPlatformProvider.scanClasspath(JUnitPlatformProvider.java:142)
	at org.apache.maven.surefire.junitplatform.JUnitPlatformProvider.invoke(JUnitPlatformProvider.java:122)
	at org.apache.maven.surefire.booter.ForkedBooter.runSuitesInProcess(ForkedBooter.java:385)
	at org.apache.maven.surefire.booter.ForkedBooter.execute(ForkedBooter.java:162)
	at org.apache.maven.surefire.booter.ForkedBooter.run(ForkedBooter.java:507)
	at org.apache.maven.surefire.booter.ForkedBooter.main(ForkedBooter.java:495)
Caused by: java.io.IOException: Error while instrumenting com/mycompany/swtproject/OutputFileWriter_WBT with JaCoCo 0.8.8.202204050719/5dcf34a.
	at org.jacoco.agent.rt.internal_b6258fc.core.instr.Instrumenter.instrumentError(Instrumenter.java:161)
	at org.jacoco.agent.rt.internal_b6258fc.core.instr.Instrumenter.instrument(Instrumenter.java:111)
	at org.jacoco.agent.rt.internal_b6258fc.CoverageTransformer.transform(CoverageTransformer.java:92)
	... 20 more
Caused by: java.lang.IllegalArgumentException: Unsupported class file major version 65
	at org.jacoco.agent.rt.internal_b6258fc.asm.ClassReader.<init>(ClassReader.java:199)
	at org.jacoco.agent.rt.internal_b6258fc.asm.ClassReader.<init>(ClassReader.java:180)
	at org.jacoco.agent.rt.internal_b6258fc.asm.ClassReader.<init>(ClassReader.java:166)
	at org.jacoco.agent.rt.internal_b6258fc.core.internal.instr.InstrSupport.classReaderFor(InstrSupport.java:280)
	at org.jacoco.agent.rt.internal_b6258fc.core.instr.Instrumenter.instrument(Instrumenter.java:77)
	at org.jacoco.agent.rt.internal_b6258fc.core.instr.Instrumenter.instrument(Instrumenter.java:109)
	... 21 more
]]></system-err>
  </testcase>
  <testcase name="TC14_writeRecommendationsEmptyStrings" classname="com.mycompany.swtproject.OutputFileWriter_WBT" time="0.006"/>
  <testcase name="TC11_writeRecommendationsEvenIndexNoBlanks" classname="com.mycompany.swtproject.OutputFileWriter_WBT" time="0.004"/>
  <testcase name="TC13_writeFirstErrorSpecialCharacters" classname="com.mycompany.swtproject.OutputFileWriter_WBT" time="0.003"/>
  <testcase name="TC12_writeRecommendationsOverwrite" classname="com.mycompany.swtproject.OutputFileWriter_WBT" time="0.003"/>
  <testcase name="TC7_writeFirstErrorOverwrite" classname="com.mycompany.swtproject.OutputFileWriter_WBT" time="0.007"/>
  <testcase name="TC1_defaultConstructor" classname="com.mycompany.swtproject.OutputFileWriter_WBT" time="0.006"/>
  <testcase name="TC6_writeFirstErrorSingle" classname="com.mycompany.swtproject.OutputFileWriter_WBT" time="0.003"/>
  <testcase name="TC3_setOutputPath" classname="com.mycompany.swtproject.OutputFileWriter_WBT" time="0.003"/>
  <testcase name="TC4_cleanFileWithContent" classname="com.mycompany.swtproject.OutputFileWriter_WBT" time="0.004"/>
  <testcase name="TC5_cleanFileEmpty" classname="com.mycompany.swtproject.OutputFileWriter_WBT" time="0.003"/>
  <testcase name="TC2_parameterizedConstructor" classname="com.mycompany.swtproject.OutputFileWriter_WBT" time="0.004"/>
  <testcase name="TC10_writeRecommendationsMultipleUsers" classname="com.mycompany.swtproject.OutputFileWriter_WBT" time="0.002"/>
  <testcase name="TC9_writeRecommendationsSingleUser" classname="com.mycompany.swtproject.OutputFileWriter_WBT" time="0.003"/>
  <testcase name="TC15_writeRecommendationsLongContent" classname="com.mycompany.swtproject.OutputFileWriter_WBT" time="0.003"/>
</testsuite>