<?xml version="1.0" encoding="UTF-8"?>
<testsuite xmlns:xsi="http://www.w3.org/2001/XMLSchema-instance" xsi:noNamespaceSchemaLocation="https://maven.apache.org/surefire/maven-surefire-plugin/xsd/surefire-test-report.xsd" version="3.0.2" name="com.mycompany.swtproject.OutputFileWriter_WBT" time="0.161" tests="15" errors="0" skipped="0" failures="0">
  <properties>
[...]
</properties>
  <testcase name="TC8_writeRecommendationsEmpty" classname="com.mycompany.swtproject.OutputFileWriter_WBT" time="0.051">
    <system-err><![CDATA[java.lang.instrument.IllegalClassFormatException: Error while instrumenting com/mycompany/swtproject/OutputFileWriter_WBT with JaCoCo 0.8.8.202204050719/5dcf34a.
	at org.jacoco.agent.rt.internal_b6258fc.CoverageTransformer.transform(CoverageTransformer.java:94)
	at java.instrument/java.lang.instrument.ClassFileTransformer.transform(ClassFileTransformer.java:244)
	at java.instrument/sun.instrument.TransformerManager.transform(TransformerManager.java:188)
	at java.instrument/sun.instrument.InstrumentationImpl.transform(InstrumentationImpl.java:610)
	at java.base/java.lang.ClassLoader.defineClass1(Native Method)
	at java.base/java.lang.ClassLoader.defineClass(ClassLoader.java:1027)
	at java.base/java.security.SecureClassLoader.defineClass(SecureClassLoader.java:150)
	at java.base/jdk.internal.loader.BuiltinClassLoader.defineClass(BuiltinClassLoader.java:862)
	at java.base/jdk.internal.loader.BuiltinClassLoader.findClassOnClassPathOrNull(BuiltinClassLoader.java:760)
	at java.base/jdk.internal.loader.BuiltinClassLoader.loadClassOrNull(BuiltinClassLoader.java:681)
	at java.base/jdk.internal.loader.BuiltinClassLoader.loadClass(BuiltinClassLoader.java:639)
	at java.base/jdk.internal.loader.ClassLoaders$AppClassLoader.loadClass(ClassLoaders.java:188)
	at java.base/java.lang.ClassLoader.loadClass(ClassLoader.java:526)
	at org.apache.maven.surefire.api.util.DefaultScanResult.loadClass(DefaultScanResult.java:115)
	at org.apache.maven.surefire.api.util.DefaultScanResult.applyFilter(DefaultScanResult.java:85)
	at org.apache.maven.surefire.junitplatform.JUnitPlatformProvider.scanClasspath(JUnitPlatformProvider.java:142)
	at org.apache.maven.surefire.junitplatform.JUnitPlatformProvider.invoke(JUnitPlatformProvider.java:122)
	at org.apache.maven.surefire.booter.ForkedBooter.runSuitesInProcess(ForkedBooter.java:385)
	at org.apache.maven.surefire.booter.ForkedBooter.execute(ForkedBooter.java:162)
	at org.apache.maven.surefire.booter.ForkedBooter.run(ForkedBooter.java:507)
	at org.apache.maven.surefire.booter.ForkedBooter.main(ForkedBooter.java:495)
Caused by: java.io.IOException: Error while instrumenting com/mycompany/swtproject/OutputFileWriter_WBT with JaCoCo 0.8.8.202204050719/5dcf34a.
	at org.jacoco.agent.rt.internal_b6258fc.core.instr.Instrumenter.instrumentError(Instrumenter.java:161)
	at org.jacoco.agent.rt.internal_b6258fc.core.instr.Instrumenter.instrument(Instrumenter.java:111)
	at org.jacoco.agent.rt.internal_b6258fc.CoverageTransformer.transform(CoverageTransformer.java:92)
	... 20 more
Caused by: java.lang.IllegalArgumentException: Unsupported class file major version 65
	at org.jacoco.agent.rt.internal_b6258fc.asm.ClassReader.<init>(ClassReader.java:199)
	at org.jacoco.agent.rt.internal_b6258fc.asm.ClassReader.<init>(ClassReader.java:180)
	at org.jacoco.agent.rt.internal_b6258fc.asm.ClassReader.<init>(ClassReader.java:166)
	at org.jacoco.agent.rt.internal_b6258fc.core.internal.instr.InstrSupport.classReaderFor(InstrSupport.java:280)
	at org.jacoco.agent.rt.internal_b6258fc.core.instr.Instrumenter.instrument(Instrumenter.java:77)
	at org.jacoco.agent.rt.internal_b6258fc.core.instr.Instrumenter.instrument(Instrumenter.java:109)
	... 21 more
]]></system-err>
  </testcase>
  <testcase name="TC14_writeRecommendationsEmptyStrings" classname="com.mycompany.swtproject.OutputFileWriter_WBT" time="0.006"/>
  <testcase name="TC11_writeRecommendationsEvenIndexNoBlanks" classname="com.mycompany.swtproject.OutputFileWriter_WBT" time="0.004"/>
  <testcase name="TC13_writeFirstErrorSpecialCharacters" classname="com.mycompany.swtproject.OutputFileWriter_WBT" time="0.003"/>
  <testcase name="TC12_writeRecommendationsOverwrite" classname="com.mycompany.swtproject.OutputFileWriter_WBT" time="0.003"/>
  <testcase name="TC7_writeFirstErrorOverwrite" classname="com.mycompany.swtproject.OutputFileWriter_WBT" time="0.007"/>
  <testcase name="TC1_defaultConstructor" classname="com.mycompany.swtproject.OutputFileWriter_WBT" time="0.006"/>
  <testcase name="TC6_writeFirstErrorSingle" classname="com.mycompany.swtproject.OutputFileWriter_WBT" time="0.003"/>
  <testcase name="TC3_setOutputPath" classname="com.mycompany.swtproject.OutputFileWriter_WBT" time="0.003"/>
  <testcase name="TC4_cleanFileWithContent" classname="com.mycompany.swtproject.OutputFileWriter_WBT" time="0.004"/>
  <testcase name="TC5_cleanFileEmpty" classname="com.mycompany.swtproject.OutputFileWriter_WBT" time="0.003"/>
  <testcase name="TC2_parameterizedConstructor" classname="com.mycompany.swtproject.OutputFileWriter_WBT" time="0.004"/>
  <testcase name="TC10_writeRecommendationsMultipleUsers" classname="com.mycompany.swtproject.OutputFileWriter_WBT" time="0.002"/>
  <testcase name="TC9_writeRecommendationsSingleUser" classname="com.mycompany.swtproject.OutputFileWriter_WBT" time="0.003"/>
  <testcase name="TC15_writeRecommendationsLongContent" classname="com.mycompany.swtproject.OutputFileWriter_WBT" time="0.003"/>
</testsuite>